<?xml version="1.0" encoding="utf-8"?><testsuites name="pytest tests"><testsuite name="pytest" errors="0" failures="0" skipped="0" tests="15" time="103.363" timestamp="2026-07-03T06:33:38.427853+00:00" hostname="agent-env-240ff814-ded8-4da8-8a30-9d198668f9d7"><testcase classname="tests.backend_test.TestAuth" name="test_login_wrong_password" time="0.721" /><testcase classname="tests.backend_test.TestFiles" name="test_list_workspace_root" time="0.722" /><testcase classname="tests.backend_test.TestAuth" name="test_me_without_token" time="0.093" /><testcase classname="tests.backend_test.TestFiles" name="test_mkdir_upload_read" time="0.418" /><testcase classname="tests.backend_test.TestAuth" name="test_me_with_token" time="0.432" /><testcase classname="tests.backend_test.TestFiles" name="test_path_traversal_rejected" time="0.196" /><testcase classname="tests.backend_test.TestCronScheduling" name="test_valid_cron_saved" time="3.059" /><testcase classname="tests.backend_test.TestProjectsBasic" name="test_list_projects" time="0.479" /><testcase classname="tests.backend_test.TestProjectsBasic" name="test_start_then_stop" time="8.161" /><testcase classname="tests.backend_test.TestCronScheduling" name="test_invalid_cron_gracefully_handled" time="0.799" /><testcase classname="tests.backend_test.TestSystem" name="test_system_stats" time="0.202" /><testcase classname="tests.backend_test.TestCrashRestartMaxExceeded" name="test_crash_restart_hits_limit_and_errors" time="24.051" /><testcase classname="tests.backend_test.TestWebSocketLogs" name="test_ws_without_token_closes_1008" time="0.820" /><testcase classname="tests.backend_test.TestWebSocketLogs" name="test_ws_with_token_receives_logs" time="6.422" /><testcase classname="tests.backend_test.TestCrashRestartResetOnStable" name="test_restart_count_stays_zero" time="73.380" /></testsuite></testsuites>