<?xml version="1.0" encoding="utf-8"?><testsuites name="pytest tests"><testsuite name="pytest" errors="0" failures="0" skipped="0" tests="16" time="13.390" timestamp="2026-07-03T05:59:33.601431+00:00" hostname="agent-env-240ff814-ded8-4da8-8a30-9d198668f9d7"><testcase classname="tests.backend_test.TestFiles" name="test_list_workspace_root" time="0.922" /><testcase classname="tests.backend_test.TestFiles" name="test_mkdir_and_list_shows_it" time="0.503" /><testcase classname="tests.backend_test.TestFiles" name="test_upload_and_read" time="0.205" /><testcase classname="tests.backend_test.TestProjects" name="test_list_projects" time="1.672" /><testcase classname="tests.backend_test.TestFiles" name="test_write_and_read_persists" time="3.583" /><testcase classname="tests.backend_test.TestProjects" name="test_get_project" time="0.140" /><testcase classname="tests.backend_test.TestProjects" name="test_start_then_stop" time="8.259" /><testcase classname="tests.backend_test.TestFiles" name="test_path_traversal_rejected" time="0.228" /><testcase classname="tests.backend_test.TestAuth" name="test_login_wrong_password" time="0.323" /><testcase classname="tests.backend_test.TestAuth" name="test_me_without_token" time="0.097" /><testcase classname="tests.backend_test.TestAuth" name="test_me_with_token" time="0.094" /><testcase classname="tests.backend_test.TestAuth" name="test_projects_requires_auth" time="0.098" /><testcase classname="tests.backend_test.TestSystem" name="test_system_stats" time="0.210" /><testcase classname="tests.backend_test.TestProjects" name="test_pip_install_no_requirements" time="1.930" /><testcase classname="tests.backend_test.TestProjects" name="test_update_env_persists" time="0.269" /><testcase classname="tests.backend_test.TestProjects" name="test_update_daily_restart_persists" time="0.536" /></testsuite></testsuites>